Analysis & Synthesis report for IP_Telemetre
Wed Jan 30 01:37:30 2019
Quartus Prime Version 18.1.0 Build 625 09/12/2018 SJ Lite Edition


---------------------
; Table of Contents ;
---------------------
  1. Legal Notice
  2. Analysis & Synthesis Summary
  3. Analysis & Synthesis Settings
  4. Parallel Compilation
  5. Analysis & Synthesis Source Files Read
  6. Analysis & Synthesis Resource Usage Summary
  7. Analysis & Synthesis Resource Utilization by Entity
  8. State Machine - |telemetre_us_HC_SR04|State
  9. Registers Removed During Synthesis
 10. Removed Registers Triggering Further Register Optimizations
 11. General Register Statistics
 12. Multiplexer Restructuring Statistics (Restructuring Performed)
 13. Parameter Settings for User Entity Instance: Top-level Entity: |telemetre_us_HC_SR04
 14. Parameter Settings for Inferred Entity Instance: lpm_divide:Div0
 15. Post-Synthesis Netlist Statistics for Top Partition
 16. Elapsed Time Per Partition
 17. Analysis & Synthesis Messages



----------------
; Legal Notice ;
----------------
Copyright (C) 2018  Intel Corporation. All rights reserved.
Your use of Intel Corporation's design tools, logic functions 
and other software and tools, and its AMPP partner logic 
functions, and any output files from any of the foregoing 
(including device programming or simulation files), and any 
associated documentation or information are expressly subject 
to the terms and conditions of the Intel Program License 
Subscription Agreement, the Intel Quartus Prime License Agreement,
the Intel FPGA IP License Agreement, or other applicable license
agreement, including, without limitation, that your use is for
the sole purpose of programming logic devices manufactured by
Intel and sold by Intel or its authorized distributors.  Please
refer to the applicable agreement for further details.



+-------------------------------------------------------------------------------+
; Analysis & Synthesis Summary                                                  ;
+---------------------------------+---------------------------------------------+
; Analysis & Synthesis Status     ; Successful - Wed Jan 30 01:37:30 2019       ;
; Quartus Prime Version           ; 18.1.0 Build 625 09/12/2018 SJ Lite Edition ;
; Revision Name                   ; IP_Telemetre                                ;
; Top-level Entity Name           ; telemetre_us_HC_SR04                        ;
; Family                          ; Cyclone V                                   ;
; Logic utilization (in ALMs)     ; N/A                                         ;
; Total registers                 ; 62                                          ;
; Total pins                      ; 30                                          ;
; Total virtual pins              ; 0                                           ;
; Total block memory bits         ; 0                                           ;
; Total DSP Blocks                ; 0                                           ;
; Total HSSI RX PCSs              ; 0                                           ;
; Total HSSI PMA RX Deserializers ; 0                                           ;
; Total HSSI TX PCSs              ; 0                                           ;
; Total HSSI PMA TX Serializers   ; 0                                           ;
; Total PLLs                      ; 0                                           ;
; Total DLLs                      ; 0                                           ;
+---------------------------------+---------------------------------------------+


+-----------------------------------------------------------------------------------------------------------------------------+
; Analysis & Synthesis Settings                                                                                               ;
+---------------------------------------------------------------------------------+----------------------+--------------------+
; Option                                                                          ; Setting              ; Default Value      ;
+---------------------------------------------------------------------------------+----------------------+--------------------+
; Device                                                                          ; 5CSEMA4U23C6         ;                    ;
; Top-level entity name                                                           ; telemetre_us_HC_SR04 ; IP_Telemetre       ;
; Family name                                                                     ; Cyclone V            ; Cyclone V          ;
; Use smart compilation                                                           ; Off                  ; Off                ;
; Enable parallel Assembler and Timing Analyzer during compilation                ; On                   ; On                 ;
; Enable compact report table                                                     ; Off                  ; Off                ;
; Restructure Multiplexers                                                        ; Auto                 ; Auto               ;
; MLAB Add Timing Constraints For Mixed-Port Feed-Through Mode Setting Don't Care ; Off                  ; Off                ;
; Create Debugging Nodes for IP Cores                                             ; Off                  ; Off                ;
; Preserve fewer node names                                                       ; On                   ; On                 ;
; Intel FPGA IP Evaluation Mode                                                   ; Enable               ; Enable             ;
; Verilog Version                                                                 ; Verilog_2001         ; Verilog_2001       ;
; VHDL Version                                                                    ; VHDL_1993            ; VHDL_1993          ;
; State Machine Processing                                                        ; Auto                 ; Auto               ;
; Safe State Machine                                                              ; Off                  ; Off                ;
; Extract Verilog State Machines                                                  ; On                   ; On                 ;
; Extract VHDL State Machines                                                     ; On                   ; On                 ;
; Ignore Verilog initial constructs                                               ; Off                  ; Off                ;
; Iteration limit for constant Verilog loops                                      ; 5000                 ; 5000               ;
; Iteration limit for non-constant Verilog loops                                  ; 250                  ; 250                ;
; Add Pass-Through Logic to Inferred RAMs                                         ; On                   ; On                 ;
; Infer RAMs from Raw Logic                                                       ; On                   ; On                 ;
; Parallel Synthesis                                                              ; On                   ; On                 ;
; DSP Block Balancing                                                             ; Auto                 ; Auto               ;
; NOT Gate Push-Back                                                              ; On                   ; On                 ;
; Power-Up Don't Care                                                             ; On                   ; On                 ;
; Remove Redundant Logic Cells                                                    ; Off                  ; Off                ;
; Remove Duplicate Registers                                                      ; On                   ; On                 ;
; Ignore CARRY Buffers                                                            ; Off                  ; Off                ;
; Ignore CASCADE Buffers                                                          ; Off                  ; Off                ;
; Ignore GLOBAL Buffers                                                           ; Off                  ; Off                ;
; Ignore ROW GLOBAL Buffers                                                       ; Off                  ; Off                ;
; Ignore LCELL Buffers                                                            ; Off                  ; Off                ;
; Ignore SOFT Buffers                                                             ; On                   ; On                 ;
; Limit AHDL Integers to 32 Bits                                                  ; Off                  ; Off                ;
; Optimization Technique                                                          ; Balanced             ; Balanced           ;
; Carry Chain Length                                                              ; 70                   ; 70                 ;
; Auto Carry Chains                                                               ; On                   ; On                 ;
; Auto Open-Drain Pins                                                            ; On                   ; On                 ;
; Perform WYSIWYG Primitive Resynthesis                                           ; Off                  ; Off                ;
; Auto ROM Replacement                                                            ; On                   ; On                 ;
; Auto RAM Replacement                                                            ; On                   ; On                 ;
; Auto DSP Block Replacement                                                      ; On                   ; On                 ;
; Auto Shift Register Replacement                                                 ; Auto                 ; Auto               ;
; Allow Shift Register Merging across Hierarchies                                 ; Auto                 ; Auto               ;
; Auto Clock Enable Replacement                                                   ; On                   ; On                 ;
; Strict RAM Replacement                                                          ; Off                  ; Off                ;
; Allow Synchronous Control Signals                                               ; On                   ; On                 ;
; Force Use of Synchronous Clear Signals                                          ; Off                  ; Off                ;
; Auto Resource Sharing                                                           ; Off                  ; Off                ;
; Allow Any RAM Size For Recognition                                              ; Off                  ; Off                ;
; Allow Any ROM Size For Recognition                                              ; Off                  ; Off                ;
; Allow Any Shift Register Size For Recognition                                   ; Off                  ; Off                ;
; Use LogicLock Constraints during Resource Balancing                             ; On                   ; On                 ;
; Ignore translate_off and synthesis_off directives                               ; Off                  ; Off                ;
; Timing-Driven Synthesis                                                         ; On                   ; On                 ;
; Report Parameter Settings                                                       ; On                   ; On                 ;
; Report Source Assignments                                                       ; On                   ; On                 ;
; Report Connectivity Checks                                                      ; On                   ; On                 ;
; Ignore Maximum Fan-Out Assignments                                              ; Off                  ; Off                ;
; Synchronization Register Chain Length                                           ; 3                    ; 3                  ;
; Power Optimization During Synthesis                                             ; Normal compilation   ; Normal compilation ;
; HDL message level                                                               ; Level2               ; Level2             ;
; Suppress Register Optimization Related Messages                                 ; Off                  ; Off                ;
; Number of Removed Registers Reported in Synthesis Report                        ; 5000                 ; 5000               ;
; Number of Swept Nodes Reported in Synthesis Report                              ; 5000                 ; 5000               ;
; Number of Inverted Registers Reported in Synthesis Report                       ; 100                  ; 100                ;
; Clock MUX Protection                                                            ; On                   ; On                 ;
; Auto Gated Clock Conversion                                                     ; Off                  ; Off                ;
; Block Design Naming                                                             ; Auto                 ; Auto               ;
; SDC constraint protection                                                       ; Off                  ; Off                ;
; Synthesis Effort                                                                ; Auto                 ; Auto               ;
; Shift Register Replacement - Allow Asynchronous Clear Signal                    ; On                   ; On                 ;
; Pre-Mapping Resynthesis Optimization                                            ; Off                  ; Off                ;
; Analysis & Synthesis Message Level                                              ; Medium               ; Medium             ;
; Disable Register Merging Across Hierarchies                                     ; Auto                 ; Auto               ;
; Resource Aware Inference For Block RAM                                          ; On                   ; On                 ;
; Automatic Parallel Synthesis                                                    ; On                   ; On                 ;
; Partial Reconfiguration Bitstream ID                                            ; Off                  ; Off                ;
+---------------------------------------------------------------------------------+----------------------+--------------------+


+------------------------------------------+
; Parallel Compilation                     ;
+----------------------------+-------------+
; Processors                 ; Number      ;
+----------------------------+-------------+
; Number detected on machine ; 4           ;
; Maximum allowed            ; 2           ;
;                            ;             ;
; Average used               ; 1.00        ;
; Maximum used               ; 2           ;
;                            ;             ;
; Usage by Processor         ; % Time Used ;
;     Processor 1            ; 100.0%      ;
;     Processor 2            ;   0.0%      ;
+----------------------------+-------------+


+-------------------------------------------------------------------------------------------------------------------------------------------------------------------------------------------------------+
; Analysis & Synthesis Source Files Read                                                                                                                                                                ;
+----------------------------------+-----------------+------------------------------+---------------------------------------------------------------------------------------------------------+---------+
; File Name with User-Entered Path ; Used in Netlist ; File Type                    ; File Name with Absolute Path                                                                            ; Library ;
+----------------------------------+-----------------+------------------------------+---------------------------------------------------------------------------------------------------------+---------+
; telemetre_us_HC_SR04.vhd         ; yes             ; User VHDL File               ; D:/Quartus/Workspace/Telemetre/IP_Telemetre_HC-SR04_Sources_DE0_Nano_SoC/fit/telemetre_us_HC_SR04.vhd   ;         ;
; lpm_divide.tdf                   ; yes             ; Megafunction                 ; d:/quartus/quartus/libraries/megafunctions/lpm_divide.tdf                                               ;         ;
; abs_divider.inc                  ; yes             ; Megafunction                 ; d:/quartus/quartus/libraries/megafunctions/abs_divider.inc                                              ;         ;
; sign_div_unsign.inc              ; yes             ; Megafunction                 ; d:/quartus/quartus/libraries/megafunctions/sign_div_unsign.inc                                          ;         ;
; aglobal181.inc                   ; yes             ; Megafunction                 ; d:/quartus/quartus/libraries/megafunctions/aglobal181.inc                                               ;         ;
; db/lpm_divide_obm.tdf            ; yes             ; Auto-Generated Megafunction  ; D:/Quartus/Workspace/Telemetre/IP_Telemetre_HC-SR04_Sources_DE0_Nano_SoC/fit/db/lpm_divide_obm.tdf      ;         ;
; db/sign_div_unsign_ulh.tdf       ; yes             ; Auto-Generated Megafunction  ; D:/Quartus/Workspace/Telemetre/IP_Telemetre_HC-SR04_Sources_DE0_Nano_SoC/fit/db/sign_div_unsign_ulh.tdf ;         ;
; db/alt_u_div_20f.tdf             ; yes             ; Auto-Generated Megafunction  ; D:/Quartus/Workspace/Telemetre/IP_Telemetre_HC-SR04_Sources_DE0_Nano_SoC/fit/db/alt_u_div_20f.tdf       ;         ;
+----------------------------------+-----------------+------------------------------+---------------------------------------------------------------------------------------------------------+---------+


+---------------------------------------------------------+
; Analysis & Synthesis Resource Usage Summary             ;
+---------------------------------------------+-----------+
; Resource                                    ; Usage     ;
+---------------------------------------------+-----------+
; Estimate of Logic utilization (ALMs needed) ; 145       ;
;                                             ;           ;
; Combinational ALUT usage for logic          ; 270       ;
;     -- 7 input functions                    ; 1         ;
;     -- 6 input functions                    ; 16        ;
;     -- 5 input functions                    ; 6         ;
;     -- 4 input functions                    ; 41        ;
;     -- <=3 input functions                  ; 206       ;
;                                             ;           ;
; Dedicated logic registers                   ; 62        ;
;                                             ;           ;
; I/O pins                                    ; 30        ;
;                                             ;           ;
; Total DSP Blocks                            ; 0         ;
;                                             ;           ;
; Maximum fan-out node                        ; CLK~input ;
; Maximum fan-out                             ; 62        ;
; Total fan-out                               ; 1102      ;
; Average fan-out                             ; 2.81      ;
+---------------------------------------------+-----------+


+---------------------------------------------------------------------------------------------------------------------------------------------------------------------------------------------------------------------------------------------------------------------------------------------------------------+
; Analysis & Synthesis Resource Utilization by Entity                                                                                                                                                                                                                                                           ;
+----------------------------------------+---------------------+---------------------------+-------------------+------------+------+--------------+-----------------------------------------------------------------------------------------------------------------------+----------------------+--------------+
; Compilation Hierarchy Node             ; Combinational ALUTs ; Dedicated Logic Registers ; Block Memory Bits ; DSP Blocks ; Pins ; Virtual Pins ; Full Hierarchy Name                                                                                                   ; Entity Name          ; Library Name ;
+----------------------------------------+---------------------+---------------------------+-------------------+------------+------+--------------+-----------------------------------------------------------------------------------------------------------------------+----------------------+--------------+
; |telemetre_us_HC_SR04                  ; 270 (72)            ; 62 (62)                   ; 0                 ; 0          ; 30   ; 0            ; |telemetre_us_HC_SR04                                                                                                 ; telemetre_us_HC_SR04 ; work         ;
;    |lpm_divide:Div0|                   ; 198 (0)             ; 0 (0)                     ; 0                 ; 0          ; 0    ; 0            ; |telemetre_us_HC_SR04|lpm_divide:Div0                                                                                 ; lpm_divide           ; work         ;
;       |lpm_divide_obm:auto_generated|  ; 198 (0)             ; 0 (0)                     ; 0                 ; 0          ; 0    ; 0            ; |telemetre_us_HC_SR04|lpm_divide:Div0|lpm_divide_obm:auto_generated                                                   ; lpm_divide_obm       ; work         ;
;          |sign_div_unsign_ulh:divider| ; 198 (0)             ; 0 (0)                     ; 0                 ; 0          ; 0    ; 0            ; |telemetre_us_HC_SR04|lpm_divide:Div0|lpm_divide_obm:auto_generated|sign_div_unsign_ulh:divider                       ; sign_div_unsign_ulh  ; work         ;
;             |alt_u_div_20f:divider|    ; 198 (198)           ; 0 (0)                     ; 0                 ; 0          ; 0    ; 0            ; |telemetre_us_HC_SR04|lpm_divide:Div0|lpm_divide_obm:auto_generated|sign_div_unsign_ulh:divider|alt_u_div_20f:divider ; alt_u_div_20f        ; work         ;
+----------------------------------------+---------------------+---------------------------+-------------------+------------+------+--------------+-----------------------------------------------------------------------------------------------------------------------+----------------------+--------------+
Note: For table entries with two numbers listed, the numbers in parentheses indicate the number of resources of the given type used by the specific entity alone. The numbers listed outside of parentheses indicate the total resources of the given type used by the specific entity and all of its sub-entities in the hierarchy.


Encoding Type:  One-Hot
+-------------------------------------------------------------------------------------------------------------+
; State Machine - |telemetre_us_HC_SR04|State                                                                 ;
+----------+----------+----------+----------+----------+----------+----------+----------+----------+----------+
; Name     ; State.E8 ; State.E7 ; State.E6 ; State.E5 ; State.E4 ; State.E3 ; State.E2 ; State.E1 ; State.E0 ;
+----------+----------+----------+----------+----------+----------+----------+----------+----------+----------+
; State.E0 ; 0        ; 0        ; 0        ; 0        ; 0        ; 0        ; 0        ; 0        ; 0        ;
; State.E1 ; 0        ; 0        ; 0        ; 0        ; 0        ; 0        ; 0        ; 1        ; 1        ;
; State.E2 ; 0        ; 0        ; 0        ; 0        ; 0        ; 0        ; 1        ; 0        ; 1        ;
; State.E3 ; 0        ; 0        ; 0        ; 0        ; 0        ; 1        ; 0        ; 0        ; 1        ;
; State.E4 ; 0        ; 0        ; 0        ; 0        ; 1        ; 0        ; 0        ; 0        ; 1        ;
; State.E5 ; 0        ; 0        ; 0        ; 1        ; 0        ; 0        ; 0        ; 0        ; 1        ;
; State.E6 ; 0        ; 0        ; 1        ; 0        ; 0        ; 0        ; 0        ; 0        ; 1        ;
; State.E7 ; 0        ; 1        ; 0        ; 0        ; 0        ; 0        ; 0        ; 0        ; 1        ;
; State.E8 ; 1        ; 0        ; 0        ; 0        ; 0        ; 0        ; 0        ; 0        ; 1        ;
+----------+----------+----------+----------+----------+----------+----------+----------+----------+----------+


+--------------------------------------------------------------------------------+
; Registers Removed During Synthesis                                             ;
+---------------------------------------+----------------------------------------+
; Register name                         ; Reason for Removal                     ;
+---------------------------------------+----------------------------------------+
; State.E1                              ; Stuck at GND due to stuck port data_in ;
; dure_echo[13..15]                     ; Stuck at GND due to stuck port data_in ;
; read_data[13]~reg0                    ; Stuck at GND due to stuck port data_in ;
; read_data[14]~reg0                    ; Stuck at GND due to stuck port data_in ;
; read_data[15]~reg0                    ; Stuck at GND due to stuck port data_in ;
; Total Number of Removed Registers = 7 ;                                        ;
+---------------------------------------+----------------------------------------+


+------------------------------------------------------------------------------------+
; Removed Registers Triggering Further Register Optimizations                        ;
+---------------+---------------------------+----------------------------------------+
; Register name ; Reason for Removal        ; Registers Removed due to This Register ;
+---------------+---------------------------+----------------------------------------+
; dure_echo[13] ; Stuck at GND              ; read_data[13]~reg0                     ;
;               ; due to stuck port data_in ;                                        ;
; dure_echo[14] ; Stuck at GND              ; read_data[14]~reg0                     ;
;               ; due to stuck port data_in ;                                        ;
; dure_echo[15] ; Stuck at GND              ; read_data[15]~reg0                     ;
;               ; due to stuck port data_in ;                                        ;
+---------------+---------------------------+----------------------------------------+


+------------------------------------------------------+
; General Register Statistics                          ;
+----------------------------------------------+-------+
; Statistic                                    ; Value ;
+----------------------------------------------+-------+
; Total registers                              ; 62    ;
; Number of registers using Synchronous Clear  ; 18    ;
; Number of registers using Synchronous Load   ; 0     ;
; Number of registers using Asynchronous Clear ; 62    ;
; Number of registers using Asynchronous Load  ; 0     ;
; Number of registers using Clock Enable       ; 44    ;
; Number of registers using Preset             ; 0     ;
+----------------------------------------------+-------+


+------------------------------------------------------------------------------------------------------------------------------------------------+
; Multiplexer Restructuring Statistics (Restructuring Performed)                                                                                 ;
+--------------------+-----------+---------------+----------------------+------------------------+------------+----------------------------------+
; Multiplexer Inputs ; Bus Width ; Baseline Area ; Area if Restructured ; Saving if Restructured ; Registered ; Example Multiplexer Output       ;
+--------------------+-----------+---------------+----------------------+------------------------+------------+----------------------------------+
; 10:1               ; 18 bits   ; 108 LEs       ; 0 LEs                ; 108 LEs                ; Yes        ; |telemetre_us_HC_SR04|cmpt[2]    ;
; 11:1               ; 5 bits    ; 35 LEs        ; 25 LEs               ; 10 LEs                 ; No         ; |telemetre_us_HC_SR04|Selector20 ;
+--------------------+-----------+---------------+----------------------+------------------------+------------+----------------------------------+


+--------------------------------------------------------------------------------------+
; Parameter Settings for User Entity Instance: Top-level Entity: |telemetre_us_HC_SR04 ;
+----------------+----------+----------------------------------------------------------+
; Parameter Name ; Value    ; Type                                                     ;
+----------------+----------+----------------------------------------------------------+
; Fclock         ; 50000000 ; Signed Integer                                           ;
+----------------+----------+----------------------------------------------------------+
Note: In order to hide this table in the UI and the text report file, please set the "Show Parameter Settings in Synthesis Report" option in "Analysis and Synthesis Settings -> More Settings" to "Off".


+------------------------------------------------------------------+
; Parameter Settings for Inferred Entity Instance: lpm_divide:Div0 ;
+------------------------+----------------+------------------------+
; Parameter Name         ; Value          ; Type                   ;
+------------------------+----------------+------------------------+
; LPM_WIDTHN             ; 18             ; Untyped                ;
; LPM_WIDTHD             ; 6              ; Untyped                ;
; LPM_NREPRESENTATION    ; UNSIGNED       ; Untyped                ;
; LPM_DREPRESENTATION    ; UNSIGNED       ; Untyped                ;
; LPM_PIPELINE           ; 0              ; Untyped                ;
; LPM_REMAINDERPOSITIVE  ; TRUE           ; Untyped                ;
; MAXIMIZE_SPEED         ; 5              ; Untyped                ;
; CBXI_PARAMETER         ; lpm_divide_obm ; Untyped                ;
; CARRY_CHAIN            ; MANUAL         ; Untyped                ;
; OPTIMIZE_FOR_SPEED     ; 5              ; Untyped                ;
; AUTO_CARRY_CHAINS      ; ON             ; AUTO_CARRY             ;
; IGNORE_CARRY_BUFFERS   ; OFF            ; IGNORE_CARRY           ;
; AUTO_CASCADE_CHAINS    ; ON             ; AUTO_CASCADE           ;
; IGNORE_CASCADE_BUFFERS ; OFF            ; IGNORE_CASCADE         ;
+------------------------+----------------+------------------------+
Note: In order to hide this table in the UI and the text report file, please set the "Show Parameter Settings in Synthesis Report" option in "Analysis and Synthesis Settings -> More Settings" to "Off".


+-----------------------------------------------------+
; Post-Synthesis Netlist Statistics for Top Partition ;
+-----------------------+-----------------------------+
; Type                  ; Count                       ;
+-----------------------+-----------------------------+
; arriav_ff             ; 62                          ;
;     CLR               ; 18                          ;
;     ENA CLR           ; 26                          ;
;     ENA CLR SCLR      ; 18                          ;
; arriav_lcell_comb     ; 271                         ;
;     arith             ; 126                         ;
;         0 data inputs ; 24                          ;
;         1 data inputs ; 29                          ;
;         2 data inputs ; 4                           ;
;         3 data inputs ; 47                          ;
;         4 data inputs ; 22                          ;
;     extend            ; 1                           ;
;         7 data inputs ; 1                           ;
;     normal            ; 137                         ;
;         0 data inputs ; 1                           ;
;         1 data inputs ; 13                          ;
;         2 data inputs ; 57                          ;
;         3 data inputs ; 25                          ;
;         4 data inputs ; 19                          ;
;         5 data inputs ; 6                           ;
;         6 data inputs ; 16                          ;
;     shared            ; 7                           ;
;         0 data inputs ; 1                           ;
;         1 data inputs ; 6                           ;
; boundary_port         ; 30                          ;
;                       ;                             ;
; Max LUT depth         ; 22.70                       ;
; Average LUT depth     ; 14.83                       ;
+-----------------------+-----------------------------+


+-------------------------------+
; Elapsed Time Per Partition    ;
+----------------+--------------+
; Partition Name ; Elapsed Time ;
+----------------+--------------+
; Top            ; 00:00:04     ;
+----------------+--------------+


+-------------------------------+
; Analysis & Synthesis Messages ;
+-------------------------------+
Info: *******************************************************************
Info: Running Quartus Prime Analysis & Synthesis
    Info: Version 18.1.0 Build 625 09/12/2018 SJ Lite Edition
    Info: Processing started: Wed Jan 30 01:36:32 2019
Info: Command: quartus_map --read_settings_files=on --write_settings_files=off IP_Telemetre -c IP_Telemetre
Warning (18236): Number of processors has not been specified which may cause overloading on shared machines.  Set the global assignment NUM_PARALLEL_PROCESSORS in your QSF to an appropriate value for best performance.
Info (20030): Parallel compilation is enabled and will use 2 of the 2 processors detected
Info (12021): Found 2 design units, including 1 entities, in source file telemetre_us_hc_sr04.vhd
    Info (12022): Found design unit 1: telemetre_us_HC_SR04-RTL File: D:/Quartus/Workspace/Telemetre/IP_Telemetre_HC-SR04_Sources_DE0_Nano_SoC/fit/telemetre_us_HC_SR04.vhd Line: 26
    Info (12023): Found entity 1: telemetre_us_HC_SR04 File: D:/Quartus/Workspace/Telemetre/IP_Telemetre_HC-SR04_Sources_DE0_Nano_SoC/fit/telemetre_us_HC_SR04.vhd Line: 10
Info (12127): Elaborating entity "telemetre_us_HC_SR04" for the top level hierarchy
Info (278001): Inferred 1 megafunctions from design logic
    Info (278004): Inferred divider/modulo megafunction ("lpm_divide") from the following logic: "Div0" File: D:/Quartus/Workspace/Telemetre/IP_Telemetre_HC-SR04_Sources_DE0_Nano_SoC/fit/telemetre_us_HC_SR04.vhd Line: 152
Info (12130): Elaborated megafunction instantiation "lpm_divide:Div0" File: D:/Quartus/Workspace/Telemetre/IP_Telemetre_HC-SR04_Sources_DE0_Nano_SoC/fit/telemetre_us_HC_SR04.vhd Line: 152
Info (12133): Instantiated megafunction "lpm_divide:Div0" with the following parameter: File: D:/Quartus/Workspace/Telemetre/IP_Telemetre_HC-SR04_Sources_DE0_Nano_SoC/fit/telemetre_us_HC_SR04.vhd Line: 152
    Info (12134): Parameter "LPM_WIDTHN" = "18"
    Info (12134): Parameter "LPM_WIDTHD" = "6"
    Info (12134): Parameter "LPM_NREPRESENTATION" = "UNSIGNED"
    Info (12134): Parameter "LPM_DREPRESENTATION" = "UNSIGNED"
Info (12021): Found 1 design units, including 1 entities, in source file db/lpm_divide_obm.tdf
    Info (12023): Found entity 1: lpm_divide_obm File: D:/Quartus/Workspace/Telemetre/IP_Telemetre_HC-SR04_Sources_DE0_Nano_SoC/fit/db/lpm_divide_obm.tdf Line: 24
Info (12021): Found 1 design units, including 1 entities, in source file db/sign_div_unsign_ulh.tdf
    Info (12023): Found entity 1: sign_div_unsign_ulh File: D:/Quartus/Workspace/Telemetre/IP_Telemetre_HC-SR04_Sources_DE0_Nano_SoC/fit/db/sign_div_unsign_ulh.tdf Line: 24
Info (12021): Found 1 design units, including 1 entities, in source file db/alt_u_div_20f.tdf
    Info (12023): Found entity 1: alt_u_div_20f File: D:/Quartus/Workspace/Telemetre/IP_Telemetre_HC-SR04_Sources_DE0_Nano_SoC/fit/db/alt_u_div_20f.tdf Line: 22
Warning (13024): Output pins are stuck at VCC or GND
    Warning (13410): Pin "read_data[13]" is stuck at GND File: D:/Quartus/Workspace/Telemetre/IP_Telemetre_HC-SR04_Sources_DE0_Nano_SoC/fit/telemetre_us_HC_SR04.vhd Line: 49
    Warning (13410): Pin "read_data[14]" is stuck at GND File: D:/Quartus/Workspace/Telemetre/IP_Telemetre_HC-SR04_Sources_DE0_Nano_SoC/fit/telemetre_us_HC_SR04.vhd Line: 49
    Warning (13410): Pin "read_data[15]" is stuck at GND File: D:/Quartus/Workspace/Telemetre/IP_Telemetre_HC-SR04_Sources_DE0_Nano_SoC/fit/telemetre_us_HC_SR04.vhd Line: 49
Info (286030): Timing-Driven Synthesis is running
Info (16010): Generating hard_block partition "hard_block:auto_generated_inst"
    Info (16011): Adding 0 node(s), including 0 DDIO, 0 PLL, 0 transceiver and 0 LCELL
Info (21057): Implemented 315 device resources after synthesis - the final resource count might be different
    Info (21058): Implemented 5 input pins
    Info (21059): Implemented 25 output pins
    Info (21061): Implemented 285 logic cells
Info: Quartus Prime Analysis & Synthesis was successful. 0 errors, 5 warnings
    Info: Peak virtual memory: 4885 megabytes
    Info: Processing ended: Wed Jan 30 01:37:31 2019
    Info: Elapsed time: 00:00:59
    Info: Total CPU time (on all processors): 00:02:08


